--------------------------------------------------------------------------------
Release 9.2.04i Trace 
Copyright (c) 1995-2007 Xilinx, Inc.  All rights reserved.

C:\Xilinx92i\bin\nt\trce.exe -ise
C:/Users/user/Desktop/asdf/sum4biti/sum4biti.ise -intstyle ise -e 3 -s 4 -xml
sum4main sum4main.ncd -o sum4main.twr sum4main.pcf -ucf sum4constrains.ucf

Design file:              sum4main.ncd
Physical constraint file: sum4main.pcf
Device,package,speed:     xc3s400,ft256,-4 (PRODUCTION 1.39 2007-10-19)
Report level:             error report

Environment Variable      Effect 
--------------------      ------ 
NONE                      No environment variables were set
--------------------------------------------------------------------------------

INFO:Timing:2698 - No timing constraints found, doing default enumeration.
INFO:Timing:2752 - To get complete path coverage, use the unconstrained paths 
   option. All paths that are not constrained will be reported in the 
   unconstrained paths section(s) of the report.
INFO:Timing:3339 - The clock-to-out numbers in this timing report are based on 
   a 50 Ohm transmission line loading model.  For the details of this model, 
   and for more information on accounting for different loading conditions, 
   please see the device datasheet.



Data Sheet report:
-----------------
All values displayed in nanoseconds (ns)

Pad to Pad
---------------+---------------+---------+
Source Pad     |Destination Pad|  Delay  |
---------------+---------------+---------+
a<0>           |Cout           |   12.457|
a<0>           |r<0>           |    9.493|
a<0>           |r<1>           |    9.930|
a<0>           |r<2>           |   10.831|
a<0>           |r<3>           |   11.917|
a<1>           |Cout           |   12.267|
a<1>           |r<1>           |    9.649|
a<1>           |r<2>           |   10.641|
a<1>           |r<3>           |   11.727|
a<2>           |Cout           |   10.259|
a<2>           |r<2>           |    9.306|
a<2>           |r<3>           |    9.719|
a<3>           |Cout           |    9.618|
a<3>           |r<3>           |    9.008|
b<0>           |Cout           |   11.103|
b<0>           |r<0>           |    8.139|
b<0>           |r<1>           |    8.570|
b<0>           |r<2>           |    9.477|
b<0>           |r<3>           |   10.563|
b<1>           |Cout           |   11.155|
b<1>           |r<1>           |    8.552|
b<1>           |r<2>           |    9.529|
b<1>           |r<3>           |   10.615|
b<2>           |Cout           |    9.583|
b<2>           |r<2>           |    9.765|
b<2>           |r<3>           |    9.043|
b<3>           |Cout           |    9.241|
b<3>           |r<3>           |    8.716|
---------------+---------------+---------+


Analysis completed Tue Mar 07 10:46:40 2017 
--------------------------------------------------------------------------------

Trace Settings:
-------------------------
Trace Settings 

Peak Memory Usage: 120 MB



