--------------------------------------------------------------------------------
Release 9.2.04i Trace 
Copyright (c) 1995-2007 Xilinx, Inc.  All rights reserved.

C:\Xilinx92i\bin\nt\trce.exe -ise
C:/Users/user/Desktop/asdf/sum2biti/sum2biti.ise -intstyle ise -e 3 -s 4 -xml
main main.ncd -o main.twr main.pcf -ucf constrains.ucf

Design file:              main.ncd
Physical constraint file: main.pcf
Device,package,speed:     xc3s400,ft256,-4 (PRODUCTION 1.39 2007-10-19)
Report level:             error report

Environment Variable      Effect 
--------------------      ------ 
NONE                      No environment variables were set
--------------------------------------------------------------------------------

INFO:Timing:2698 - No timing constraints found, doing default enumeration.
INFO:Timing:2752 - To get complete path coverage, use the unconstrained paths 
   option. All paths that are not constrained will be reported in the 
   unconstrained paths section(s) of the report.
INFO:Timing:3339 - The clock-to-out numbers in this timing report are based on 
   a 50 Ohm transmission line loading model.  For the details of this model, 
   and for more information on accounting for different loading conditions, 
   please see the device datasheet.



Data Sheet report:
-----------------
All values displayed in nanoseconds (ns)

Pad to Pad
---------------+---------------+---------+
Source Pad     |Destination Pad|  Delay  |
---------------+---------------+---------+
A0             |Co2            |   10.859|
A0             |S              |   10.248|
A0             |S1             |   10.903|
A1             |Co2            |    9.425|
A1             |S1             |    9.830|
B0             |Co2            |   10.017|
B0             |S              |    9.279|
B0             |S1             |   10.061|
B1             |Co2            |    9.210|
B1             |S1             |    9.687|
Ci0            |Co2            |    9.383|
Ci0            |S              |    9.085|
Ci0            |S1             |    9.427|
---------------+---------------+---------+


Analysis completed Tue Feb 28 11:36:50 2017 
--------------------------------------------------------------------------------

Trace Settings:
-------------------------
Trace Settings 

Peak Memory Usage: 120 MB



