--------------------------------------------------------------------------------
Release 9.2.04i Trace 
Copyright (c) 1995-2007 Xilinx, Inc.  All rights reserved.

C:\Xilinx92i\bin\nt\trce.exe -ise D:/asdf/scazatorVHDL/source/source.ise
-intstyle ise -e 3 -s 4 -xml as4v as4v.ncd -o as4v.twr as4v.pcf

Design file:              as4v.ncd
Physical constraint file: as4v.pcf
Device,package,speed:     xc3s400,ft256,-4 (PRODUCTION 1.39 2007-10-19)
Report level:             error report

Environment Variable      Effect 
--------------------      ------ 
NONE                      No environment variables were set
--------------------------------------------------------------------------------

INFO:Timing:2698 - No timing constraints found, doing default enumeration.
INFO:Timing:2752 - To get complete path coverage, use the unconstrained paths 
   option. All paths that are not constrained will be reported in the 
   unconstrained paths section(s) of the report.
INFO:Timing:3339 - The clock-to-out numbers in this timing report are based on 
   a 50 Ohm transmission line loading model.  For the details of this model, 
   and for more information on accounting for different loading conditions, 
   please see the device datasheet.



Data Sheet report:
-----------------
All values displayed in nanoseconds (ns)

Pad to Pad
---------------+---------------+---------+
Source Pad     |Destination Pad|  Delay  |
---------------+---------------+---------+
A<0>           |R<0>           |   10.237|
A<0>           |R<1>           |    8.085|
A<0>           |R<2>           |   13.096|
A<0>           |R<3>           |   13.549|
A<1>           |R<1>           |    7.916|
A<1>           |R<2>           |   12.874|
A<1>           |R<3>           |   13.504|
A<2>           |R<2>           |   11.263|
A<2>           |R<3>           |   11.542|
A<3>           |R<3>           |   11.579|
B<0>           |R<0>           |    9.621|
B<0>           |R<1>           |    7.958|
B<0>           |R<2>           |   13.213|
B<0>           |R<3>           |   13.771|
B<1>           |R<1>           |    8.610|
B<1>           |R<2>           |   13.025|
B<1>           |R<3>           |   14.598|
B<2>           |R<2>           |   10.719|
B<2>           |R<3>           |   11.068|
B<3>           |R<3>           |   10.262|
S1A0           |R<1>           |    7.866|
S1A0           |R<2>           |   12.689|
S1A0           |R<3>           |   11.839|
---------------+---------------+---------+


Analysis completed Tue Mar 21 10:58:42 2017 
--------------------------------------------------------------------------------

Trace Settings:
-------------------------
Trace Settings 

Peak Memory Usage: 121 MB



